<?xml version="1.0" encoding="UTF-8"?>
<!-- Generated by org.testng.reporters.JUnitReportReporter -->
<testsuite hostname="WELCOME" failures="0" tests="1" name="MKT_project1.Amazon_prjt1.TC_008_relavence_price_ratings" time="49.225" errors="0" timestamp="2024-07-15T00:24:12 IST" skipped="0">
  <testcase classname="MKT_project1.Amazon_prjt1.TC_008_relavence_price_ratings" name="sorting" time="49.225"/>
</testsuite> <!-- MKT_project1.Amazon_prjt1.TC_008_relavence_price_ratings -->
