<?xml version="1.0" encoding="UTF-8"?>
<!-- Generated by org.testng.reporters.JUnitReportReporter -->
<testsuite hostname="WELCOME" failures="0" tests="1" name="MKT_project1.Amazon_prjt1.TC_007_productdetails" time="63.836" errors="0" timestamp="2024-07-19T00:29:50 IST" skipped="0">
  <testcase classname="MKT_project1.Amazon_prjt1.TC_007_productdetails" name="product_details" time="63.836"/>
</testsuite> <!-- MKT_project1.Amazon_prjt1.TC_007_productdetails -->
