<?xml version="1.0" encoding="UTF-8"?>
<!-- Generated by org.testng.reporters.JUnitReportReporter -->
<testsuite hostname="WELCOME" failures="0" tests="1" name="MKT_project1.Amazon_prjt1.TC_001_Registration" time="24.333" errors="0" timestamp="2024-07-12T00:29:09 IST" skipped="0">
  <testcase classname="MKT_project1.Amazon_prjt1.TC_001_Registration" name="register" time="24.333"/>
</testsuite> <!-- MKT_project1.Amazon_prjt1.TC_001_Registration -->
