<?xml version="1.0" encoding="UTF-8"?>
<!-- Generated by org.testng.reporters.JUnitReportReporter -->
<testsuite hostname="WELCOME" failures="0" tests="1" name="MKT_project1.Amazon_prjt1.TC_006_searchwithfilters" time="34.880" errors="0" timestamp="2024-07-19T00:29:50 IST" skipped="0">
  <testcase classname="MKT_project1.Amazon_prjt1.TC_006_searchwithfilters" name="filter_category_prize" time="34.880"/>
</testsuite> <!-- MKT_project1.Amazon_prjt1.TC_006_searchwithfilters -->
