<?xml version="1.0" encoding="UTF-8"?>
<!-- Generated by org.testng.reporters.JUnitReportReporter -->
<testsuite hostname="WELCOME" failures="0" tests="1" name="MKT_project1.Amazon_prjt1.TC_002_Valid_login" time="23.573" errors="0" timestamp="2024-07-12T00:46:04 IST" skipped="0">
  <testcase classname="MKT_project1.Amazon_prjt1.TC_002_Valid_login" name="login" time="23.573"/>
</testsuite> <!-- MKT_project1.Amazon_prjt1.TC_002_Valid_login -->
