<?xml version="1.0" encoding="UTF-8"?>
<!-- Generated by org.testng.reporters.JUnitReportReporter -->
<testsuite hostname="WELCOME" failures="0" tests="1" name="MKT_project1.Amazon_prjt1.TC_009_Addtocart" time="44.299" errors="0" timestamp="2024-07-15T21:09:51 IST" skipped="0">
  <testcase classname="MKT_project1.Amazon_prjt1.TC_009_Addtocart" name="Prdt_cart" time="44.299"/>
</testsuite> <!-- MKT_project1.Amazon_prjt1.TC_009_Addtocart -->
