<?xml version="1.0" encoding="UTF-8"?>
<!-- Generated by org.testng.reporters.JUnitReportReporter -->
<testsuite hostname="WELCOME" failures="0" tests="1" name="MKT_project1.Amazon_prjt1.TC_005_shoesearchbyName" time="29.067" errors="0" timestamp="2024-07-12T01:13:20 IST" skipped="0">
  <testcase classname="MKT_project1.Amazon_prjt1.TC_005_shoesearchbyName" name="search" time="29.067"/>
</testsuite> <!-- MKT_project1.Amazon_prjt1.TC_005_shoesearchbyName -->
